Arguments: 
  C:\Program Files (x86)\nodejs\node.exe C:\Users\rickzx98\AppData\Roaming\npm\node_modules\yarn\bin\yarn.js add gds-stack

PATH: 
  C:\Python27\;C:\Python27\Scripts;C:\ProgramData\Oracle\Java\javapath;C:\Program Files (x86)\Intel\iCLS Client\;C:\Program Files\Intel\iCLS Client\;C:\WINDOWS\system32;C:\WINDOWS;C:\WINDOWS\System32\Wbem;C:\WINDOWS\System32\WindowsPowerShell\v1.0\;C:\Program Files (x86)\Intel\Intel(R) Management Engine Components\DAL;C:\Program Files\Intel\Intel(R) Management Engine Components\DAL;C:\Program Files (x86)\Intel\Intel(R) Management Engine Components\IPT;C:\Program Files\Intel\Intel(R) Management Engine Components\IPT;C:\Program Files (x86)\Skype\Phone\;%JAVA_HOME%\bin;C:\Program Files\Git\cmd;C:\Program Files\Git\mingw64\bin;C:\Program Files\Git\usr\bin;C:\Program Files (x86)\PuTTY\;C:\Program Files (x86)\nodejs\;C:\Program Files (x86)\Windows Kits\8.1\Windows Performance Toolkit\;C:\Program Files (x86)\Microsoft VS Code\bin;C:\Program Files\MongoDB\Server\3.2\bin;C:\Users\rickzx98\AppData\Local\Microsoft\WindowsApps;;C:\Users\rickzx98\AppData\Roaming\npm;C:\Program Files\Docker Toolbox

Yarn version: 
  0.24.5

Node version: 
  6.10.3

Platform: 
  win32 ia32

npm manifest: 
  {
    "name": "school-module",
    "version": "1.0.0",
    "description": "Module that contains school related services",
    "main": "dist/boundary/index.js",
    "dependencies": {
      "babel": "^6.23.0",
      "babel-cli": "^6.16.0",
      "babel-preset-es2015": "^6.16.0",
      "babel-register": "^6.23.0",
      "batchflow": "^0.4.0",
      "chai": "^3.5.0",
      "express": "^4.14.0",
      "fluid-chains": "^0.3.3",
      "gds-config": "latest",
      "jsonfile": "^2.4.0",
      "lodash": "^4.17.4",
      "mocha": "^3.2.0",
      "mongoose": "^4.6.7",
      "mongoose-paginate": "^5.0.3",
      "mongoose-unique-validator": "^1.0.2",
      "node-schedule": "^1.2.0",
      "nodemon": "^1.11.0",
      "unirest": "^0.5.1",
      "x2js": "^3.1.0",
      "xmldom": "^0.1.27"
    },
    "devDependencies": {},
    "scripts": {
      "dev": "nodemon --exec babel-node src/index.js",
      "prestart": "babel src --out-dir dist",
      "start": "node dist/index.js",
      "container-start": "/bin/bash /app/scripts/start.sh",
      "test": "mocha --compilers js:babel-core/register --recursive",
      "dev-test": "mocha --compilers js:babel-core/register --recursive --watch",
      "compile": "babel src --out-dir dist"
    },
    "repository": {
      "type": "git",
      "url": "git+https://github.com/great-design-and-systems/school-module.git"
    },
    "keywords": [
      "School",
      "service"
    ],
    "author": "Analyn Flores",
    "license": "MIT",
    "bugs": {
      "url": "https://github.com/great-design-and-systems/school-module/issues"
    },
    "homepage": "https://github.com/great-design-and-systems/school-module#readme"
  }

yarn manifest: 
  No manifest

Lockfile: 
  No lockfile

Trace: 
  Error: ENOENT: no such file or directory, chmod 'C:\Users\rickzx98\library-monitoring-setup\app\school-module\node_modules\.bin\babel-external-helpers'
      at Error (native)
